<?xml version="1.0" encoding="UTF-8" standalone="yes"?><!DOCTYPE report PUBLIC "-//JACOCO//DTD Report 1.0//EN" "report.dtd"><report name="JaCoCoverage analysis (powered by JaCoCo from EclEmma)"><sessioninfo id="Utilisateur-PC-ebb6d654" start="1421493401267" dump="1421493401751"/><package name="calcul_bassin_versant"><class name="calcul_bassin_versant/Calcul_bassin_versant"><method name="&lt;init&gt;" desc="()V" line="17"><counter type="INSTRUCTION" missed="3" covered="0"/><counter type="LINE" missed="1" covered="0"/><counter type="COMPLEXITY" missed="1" covered="0"/><counter type="METHOD" missed="1" covered="0"/></method><method name="main" desc="([Ljava/lang/String;)V" line="25"><counter type="INSTRUCTION" missed="0" covered="298"/><counter type="BRANCH" missed="0" covered="6"/><counter type="LINE" missed="0" covered="56"/><counter type="COMPLEXITY" missed="0" covered="4"/><counter type="METHOD" missed="0" covered="1"/></method><counter type="INSTRUCTION" missed="3" covered="298"/><counter type="BRANCH" missed="0" covered="6"/><counter type="LINE" missed="1" covered="56"/><counter type="COMPLEXITY" missed="1" covered="4"/><counter type="METHOD" missed="1" covered="1"/><counter type="CLASS" missed="0" covered="1"/></class><sourcefile name="Calcul_bassin_versant.java"><line nr="17" mi="3" ci="0" mb="0" cb="0"/><line nr="25" mi="0" ci="7" mb="0" cb="0"/><line nr="26" mi="0" ci="7" mb="0" cb="0"/><line nr="27" mi="0" ci="7" mb="0" cb="0"/><line nr="28" mi="0" ci="7" mb="0" cb="0"/><line nr="29" mi="0" ci="7" mb="0" cb="0"/><line nr="30" mi="0" ci="7" mb="0" cb="0"/><line nr="31" mi="0" ci="7" mb="0" cb="0"/><line nr="32" mi="0" ci="7" mb="0" cb="0"/><line nr="33" mi="0" ci="7" mb="0" cb="0"/><line nr="35" mi="0" ci="4" mb="0" cb="0"/><line nr="36" mi="0" ci="9" mb="0" cb="0"/><line nr="37" mi="0" ci="4" mb="0" cb="0"/><line nr="38" mi="0" ci="4" mb="0" cb="0"/><line nr="39" mi="0" ci="4" mb="0" cb="0"/><line nr="40" mi="0" ci="4" mb="0" cb="0"/><line nr="41" mi="0" ci="4" mb="0" cb="0"/><line nr="42" mi="0" ci="4" mb="0" cb="0"/><line nr="43" mi="0" ci="4" mb="0" cb="0"/><line nr="44" mi="0" ci="4" mb="0" cb="0"/><line nr="45" mi="0" ci="4" mb="0" cb="0"/><line nr="48" mi="0" ci="7" mb="0" cb="0"/><line nr="49" mi="0" ci="7" mb="0" cb="0"/><line nr="50" mi="0" ci="7" mb="0" cb="0"/><line nr="51" mi="0" ci="7" mb="0" cb="0"/><line nr="52" mi="0" ci="7" mb="0" cb="0"/><line nr="53" mi="0" ci="7" mb="0" cb="0"/><line nr="54" mi="0" ci="7" mb="0" cb="0"/><line nr="55" mi="0" ci="7" mb="0" cb="0"/><line nr="57" mi="0" ci="4" mb="0" cb="0"/><line nr="58" mi="0" ci="4" mb="0" cb="0"/><line nr="60" mi="0" ci="8" mb="0" cb="0"/><line nr="61" mi="0" ci="9" mb="0" cb="0"/><line nr="62" mi="0" ci="4" mb="0" cb="0"/><line nr="63" mi="0" ci="4" mb="0" cb="0"/><line nr="64" mi="0" ci="4" mb="0" cb="0"/><line nr="65" mi="0" ci="4" mb="0" cb="0"/><line nr="66" mi="0" ci="4" mb="0" cb="0"/><line nr="67" mi="0" ci="4" mb="0" cb="0"/><line nr="68" mi="0" ci="4" mb="0" cb="0"/><line nr="69" mi="0" ci="4" mb="0" cb="0"/><line nr="71" mi="0" ci="3" mb="0" cb="0"/><line nr="72" mi="0" ci="4" mb="0" cb="0"/><line nr="73" mi="0" ci="9" mb="0" cb="0"/><line nr="79" mi="0" ci="10" mb="0" cb="2"/><line nr="80" mi="0" ci="3" mb="0" cb="0"/><line nr="81" mi="0" ci="1" mb="0" cb="0"/><line nr="83" mi="0" ci="10" mb="0" cb="2"/><line nr="84" mi="0" ci="3" mb="0" cb="0"/><line nr="85" mi="0" ci="1" mb="0" cb="0"/><line nr="88" mi="0" ci="3" mb="0" cb="0"/><line nr="89" mi="0" ci="7" mb="0" cb="0"/><line nr="90" mi="0" ci="4" mb="0" cb="0"/><line nr="92" mi="0" ci="10" mb="0" cb="2"/><line nr="93" mi="0" ci="3" mb="0" cb="0"/><line nr="94" mi="0" ci="1" mb="0" cb="0"/><line nr="103" mi="0" ci="1" mb="0" cb="0"/><counter type="INSTRUCTION" missed="3" covered="298"/><counter type="BRANCH" missed="0" covered="6"/><counter type="LINE" missed="1" covered="56"/><counter type="COMPLEXITY" missed="1" covered="4"/><counter type="METHOD" missed="1" covered="1"/><counter type="CLASS" missed="0" covered="1"/></sourcefile><counter type="INSTRUCTION" missed="3" covered="298"/><counter type="BRANCH" missed="0" covered="6"/><counter type="LINE" missed="1" covered="56"/><counter type="COMPLEXITY" missed="1" covered="4"/><counter type="METHOD" missed="1" covered="1"/><counter type="CLASS" missed="0" covered="1"/></package><package name="Utilitaires"><class name="Utilitaires/LectureWrl"><method name="&lt;init&gt;" desc="(Ljava/lang/String;)V" line="26"><counter type="INSTRUCTION" missed="18" covered="0"/><counter type="LINE" missed="6" covered="0"/><counter type="COMPLEXITY" missed="1" covered="0"/><counter type="METHOD" missed="1" covered="0"/></method><method name="getListePoint" desc="()Ljava/util/ArrayList;" line="34"><counter type="INSTRUCTION" missed="3" covered="0"/><counter type="LINE" missed="1" covered="0"/><counter type="COMPLEXITY" missed="1" covered="0"/><counter type="METHOD" missed="1" covered="0"/></method><method name="setListePoint" desc="(Ljava/util/ArrayList;)V" line="38"><counter type="INSTRUCTION" missed="4" covered="0"/><counter type="LINE" missed="2" covered="0"/><counter type="COMPLEXITY" missed="1" covered="0"/><counter type="METHOD" missed="1" covered="0"/></method><method name="getListeTriangle" desc="()Ljava/util/ArrayList;" line="42"><counter type="INSTRUCTION" missed="3" covered="0"/><counter type="LINE" missed="1" covered="0"/><counter type="COMPLEXITY" missed="1" covered="0"/><counter type="METHOD" missed="1" covered="0"/></method><method name="setListeTriangle" desc="(Ljava/util/ArrayList;)V" line="46"><counter type="INSTRUCTION" missed="4" covered="0"/><counter type="LINE" missed="2" covered="0"/><counter type="COMPLEXITY" missed="1" covered="0"/><counter type="METHOD" missed="1" covered="0"/></method><method name="lecture" desc="()V" line="60"><counter type="INSTRUCTION" missed="57" covered="0"/><counter type="BRANCH" missed="8" covered="0"/><counter type="LINE" missed="16" covered="0"/><counter type="COMPLEXITY" missed="5" covered="0"/><counter type="METHOD" missed="1" covered="0"/></method><method name="lecturePoints" desc="(Ljava/lang/String;)V" line="98"><counter type="INSTRUCTION" missed="33" covered="0"/><counter type="LINE" missed="8" covered="0"/><counter type="COMPLEXITY" missed="1" covered="0"/><counter type="METHOD" missed="1" covered="0"/></method><counter type="INSTRUCTION" missed="122" covered="0"/><counter type="BRANCH" missed="8" covered="0"/><counter type="LINE" missed="36" covered="0"/><counter type="COMPLEXITY" missed="11" covered="0"/><counter type="METHOD" missed="7" covered="0"/><counter type="CLASS" missed="1" covered="0"/></class><sourcefile name="LectureWrl.java"><line nr="26" mi="2" ci="0" mb="0" cb="0"/><line nr="27" mi="3" ci="0" mb="0" cb="0"/><line nr="28" mi="5" ci="0" mb="0" cb="0"/><line nr="29" mi="5" ci="0" mb="0" cb="0"/><line nr="30" mi="2" ci="0" mb="0" cb="0"/><line nr="31" mi="1" ci="0" mb="0" cb="0"/><line nr="34" mi="3" ci="0" mb="0" cb="0"/><line nr="38" mi="3" ci="0" mb="0" cb="0"/><line nr="39" mi="1" ci="0" mb="0" cb="0"/><line nr="42" mi="3" ci="0" mb="0" cb="0"/><line nr="46" mi="3" ci="0" mb="0" cb="0"/><line nr="47" mi="1" ci="0" mb="0" cb="0"/><line nr="60" mi="9" ci="0" mb="0" cb="0"/><line nr="62" mi="6" ci="0" mb="2" cb="0"/><line nr="64" mi="5" ci="0" mb="2" cb="0"/><line nr="65" mi="3" ci="0" mb="0" cb="0"/><line nr="66" mi="4" ci="0" mb="0" cb="0"/><line nr="69" mi="7" ci="0" mb="2" cb="0"/><line nr="70" mi="3" ci="0" mb="0" cb="0"/><line nr="73" mi="5" ci="0" mb="2" cb="0"/><line nr="74" mi="4" ci="0" mb="0" cb="0"/><line nr="80" mi="2" ci="0" mb="0" cb="0"/><line nr="82" mi="1" ci="0" mb="0" cb="0"/><line nr="83" mi="2" ci="0" mb="0" cb="0"/><line nr="85" mi="1" ci="0" mb="0" cb="0"/><line nr="86" mi="2" ci="0" mb="0" cb="0"/><line nr="87" mi="2" ci="0" mb="0" cb="0"/><line nr="90" mi="1" ci="0" mb="0" cb="0"/><line nr="98" mi="2" ci="0" mb="0" cb="0"/><line nr="100" mi="6" ci="0" mb="0" cb="0"/><line nr="106" mi="4" ci="0" mb="0" cb="0"/><line nr="107" mi="4" ci="0" mb="0" cb="0"/><line nr="108" mi="4" ci="0" mb="0" cb="0"/><line nr="110" mi="7" ci="0" mb="0" cb="0"/><line nr="112" mi="5" ci="0" mb="0" cb="0"/><line nr="114" mi="1" ci="0" mb="0" cb="0"/><counter type="INSTRUCTION" missed="122" covered="0"/><counter type="BRANCH" missed="8" covered="0"/><counter type="LINE" missed="36" covered="0"/><counter type="COMPLEXITY" missed="11" covered="0"/><counter type="METHOD" missed="7" covered="0"/><counter type="CLASS" missed="1" covered="0"/></sourcefile><counter type="INSTRUCTION" missed="122" covered="0"/><counter type="BRANCH" missed="8" covered="0"/><counter type="LINE" missed="36" covered="0"/><counter type="COMPLEXITY" missed="11" covered="0"/><counter type="METHOD" missed="7" covered="0"/><counter type="CLASS" missed="1" covered="0"/></package><package name="geometry"><class name="geometry/Triangle"><method name="&lt;init&gt;" desc="(IIILjava/util/ArrayList;Ljava/util/ArrayList;)V" line="37"><counter type="INSTRUCTION" missed="0" covered="115"/><counter type="BRANCH" missed="0" covered="8"/><counter type="LINE" missed="0" covered="16"/><counter type="COMPLEXITY" missed="0" covered="5"/><counter type="METHOD" missed="0" covered="1"/></method><method name="&lt;init&gt;" desc="(III)V" line="73"><counter type="INSTRUCTION" missed="0" covered="21"/><counter type="LINE" missed="0" covered="8"/><counter type="COMPLEXITY" missed="0" covered="1"/><counter type="METHOD" missed="0" covered="1"/></method><method name="&lt;init&gt;" desc="()V" line="85"><counter type="INSTRUCTION" missed="21" covered="0"/><counter type="LINE" missed="8" covered="0"/><counter type="COMPLEXITY" missed="1" covered="0"/><counter type="METHOD" missed="1" covered="0"/></method><method name="getSegment3" desc="()I" line="100"><counter type="INSTRUCTION" missed="0" covered="3"/><counter type="LINE" missed="0" covered="1"/><counter type="COMPLEXITY" missed="0" covered="1"/><counter type="METHOD" missed="0" covered="1"/></method><method name="setSegment3" desc="(I)V" line="109"><counter type="INSTRUCTION" missed="0" covered="4"/><counter type="LINE" missed="0" covered="2"/><counter type="COMPLEXITY" missed="0" covered="1"/><counter type="METHOD" missed="0" covered="1"/></method><method name="getSegment2" desc="()I" line="118"><counter type="INSTRUCTION" missed="0" covered="3"/><counter type="LINE" missed="0" covered="1"/><counter type="COMPLEXITY" missed="0" covered="1"/><counter type="METHOD" missed="0" covered="1"/></method><method name="setSegment2" desc="(I)V" line="127"><counter type="INSTRUCTION" missed="0" covered="4"/><counter type="LINE" missed="0" covered="2"/><counter type="COMPLEXITY" missed="0" covered="1"/><counter type="METHOD" missed="0" covered="1"/></method><method name="getSegment1" desc="()I" line="136"><counter type="INSTRUCTION" missed="0" covered="3"/><counter type="LINE" missed="0" covered="1"/><counter type="COMPLEXITY" missed="0" covered="1"/><counter type="METHOD" missed="0" covered="1"/></method><method name="setSegment1" desc="(I)V" line="145"><counter type="INSTRUCTION" missed="0" covered="4"/><counter type="LINE" missed="0" covered="2"/><counter type="COMPLEXITY" missed="0" covered="1"/><counter type="METHOD" missed="0" covered="1"/></method><method name="getPoint1" desc="()I" line="154"><counter type="INSTRUCTION" missed="0" covered="3"/><counter type="LINE" missed="0" covered="1"/><counter type="COMPLEXITY" missed="0" covered="1"/><counter type="METHOD" missed="0" covered="1"/></method><method name="setPoint1" desc="(I)V" line="163"><counter type="INSTRUCTION" missed="4" covered="0"/><counter type="LINE" missed="2" covered="0"/><counter type="COMPLEXITY" missed="1" covered="0"/><counter type="METHOD" missed="1" covered="0"/></method><method name="getPoint2" desc="()I" line="172"><counter type="INSTRUCTION" missed="0" covered="3"/><counter type="LINE" missed="0" covered="1"/><counter type="COMPLEXITY" missed="0" covered="1"/><counter type="METHOD" missed="0" covered="1"/></method><method name="setPoint2" desc="(I)V" line="181"><counter type="INSTRUCTION" missed="4" covered="0"/><counter type="LINE" missed="2" covered="0"/><counter type="COMPLEXITY" missed="1" covered="0"/><counter type="METHOD" missed="1" covered="0"/></method><method name="getPoint3" desc="()I" line="190"><counter type="INSTRUCTION" missed="0" covered="3"/><counter type="LINE" missed="0" covered="1"/><counter type="COMPLEXITY" missed="0" covered="1"/><counter type="METHOD" missed="0" covered="1"/></method><method name="setPoint3" desc="(I)V" line="199"><counter type="INSTRUCTION" missed="4" covered="0"/><counter type="LINE" missed="2" covered="0"/><counter type="COMPLEXITY" missed="1" covered="0"/><counter type="METHOD" missed="1" covered="0"/></method><method name="construction" desc="(Ljava/util/ArrayList;Ljava/util/ArrayList;)V" line="212"><counter type="INSTRUCTION" missed="0" covered="236"/><counter type="BRANCH" missed="4" covered="42"/><counter type="LINE" missed="0" covered="57"/><counter type="COMPLEXITY" missed="4" covered="20"/><counter type="METHOD" missed="0" covered="1"/></method><method name="toString" desc="()Ljava/lang/String;" line="303"><counter type="INSTRUCTION" missed="0" covered="35"/><counter type="LINE" missed="0" covered="1"/><counter type="COMPLEXITY" missed="0" covered="1"/><counter type="METHOD" missed="0" covered="1"/></method><method name="equals" desc="(Lgeometry/Triangle;)Z" line="315"><counter type="INSTRUCTION" missed="22" covered="31"/><counter type="BRANCH" missed="13" covered="7"/><counter type="LINE" missed="3" covered="8"/><counter type="COMPLEXITY" missed="9" covered="2"/><counter type="METHOD" missed="0" covered="1"/></method><method name="getApproximationAngulaire" desc="()D" line="337"><counter type="INSTRUCTION" missed="2" covered="0"/><counter type="LINE" missed="1" covered="0"/><counter type="COMPLEXITY" missed="1" covered="0"/><counter type="METHOD" missed="1" covered="0"/></method><method name="setApproximationAngulaire" desc="(D)V" line="346"><counter type="INSTRUCTION" missed="3" covered="0"/><counter type="LINE" missed="2" covered="0"/><counter type="COMPLEXITY" missed="1" covered="0"/><counter type="METHOD" missed="1" covered="0"/></method><method name="calculPente" desc="(Ljava/util/ArrayList;)Lgeometry/Vecteur;" line="356"><counter type="INSTRUCTION" missed="20" covered="121"/><counter type="BRANCH" missed="1" covered="1"/><counter type="LINE" missed="2" covered="11"/><counter type="COMPLEXITY" missed="1" covered="1"/><counter type="METHOD" missed="0" covered="1"/></method><method name="calculProjete" desc="(ILjava/util/ArrayList;Ljava/util/ArrayList;Ljava/util/ArrayList;Ljava/util/ArrayList;)V" line="389"><counter type="INSTRUCTION" missed="346" covered="316"/><counter type="BRANCH" missed="41" covered="21"/><counter type="LINE" missed="52" covered="44"/><counter type="COMPLEXITY" missed="27" covered="5"/><counter type="METHOD" missed="0" covered="1"/></method><method name="seekSegment" desc="(Ljava/util/ArrayList;Ljava/util/ArrayList;)V" line="571"><counter type="INSTRUCTION" missed="40" covered="0"/><counter type="BRANCH" missed="10" covered="0"/><counter type="LINE" missed="7" covered="0"/><counter type="COMPLEXITY" missed="6" covered="0"/><counter type="METHOD" missed="1" covered="0"/></method><method name="&lt;clinit&gt;" desc="()V" line="25"><counter type="INSTRUCTION" missed="0" covered="3"/><counter type="LINE" missed="0" covered="1"/><counter type="COMPLEXITY" missed="0" covered="1"/><counter type="METHOD" missed="0" covered="1"/></method><counter type="INSTRUCTION" missed="466" covered="908"/><counter type="BRANCH" missed="69" covered="79"/><counter type="LINE" missed="81" covered="158"/><counter type="COMPLEXITY" missed="53" covered="45"/><counter type="METHOD" missed="7" covered="17"/><counter type="CLASS" missed="0" covered="1"/></class><class name="geometry/Segment"><method name="&lt;init&gt;" desc="(II)V" line="31"><counter type="INSTRUCTION" missed="0" covered="21"/><counter type="LINE" missed="0" covered="8"/><counter type="COMPLEXITY" missed="0" covered="1"/><counter type="METHOD" missed="0" covered="1"/></method><method name="&lt;init&gt;" desc="(IIII)V" line="48"><counter type="INSTRUCTION" missed="0" covered="21"/><counter type="LINE" missed="0" covered="8"/><counter type="COMPLEXITY" missed="0" covered="1"/><counter type="METHOD" missed="0" covered="1"/></method><method name="&lt;init&gt;" desc="()V" line="60"><counter type="INSTRUCTION" missed="21" covered="0"/><counter type="LINE" missed="8" covered="0"/><counter type="COMPLEXITY" missed="1" covered="0"/><counter type="METHOD" missed="1" covered="0"/></method><method name="toString" desc="()Ljava/lang/String;" line="71"><counter type="INSTRUCTION" missed="0" covered="37"/><counter type="LINE" missed="0" covered="1"/><counter type="COMPLEXITY" missed="0" covered="1"/><counter type="METHOD" missed="0" covered="1"/></method><method name="equals" desc="(Lgeometry/Segment;)Z" line="83"><counter type="INSTRUCTION" missed="34" covered="0"/><counter type="BRANCH" missed="12" covered="0"/><counter type="LINE" missed="6" covered="0"/><counter type="COMPLEXITY" missed="7" covered="0"/><counter type="METHOD" missed="1" covered="0"/></method><method name="search" desc="(Ljava/util/ArrayList;Ljava/util/ArrayList;)I" line="92"><counter type="INSTRUCTION" missed="0" covered="81"/><counter type="BRANCH" missed="1" covered="9"/><counter type="LINE" missed="0" covered="11"/><counter type="COMPLEXITY" missed="1" covered="5"/><counter type="METHOD" missed="0" covered="1"/></method><method name="getTrigauche" desc="()I" line="112"><counter type="INSTRUCTION" missed="0" covered="3"/><counter type="LINE" missed="0" covered="1"/><counter type="COMPLEXITY" missed="0" covered="1"/><counter type="METHOD" missed="0" covered="1"/></method><method name="setTrigauche" desc="(I)V" line="121"><counter type="INSTRUCTION" missed="0" covered="4"/><counter type="LINE" missed="0" covered="2"/><counter type="COMPLEXITY" missed="0" covered="1"/><counter type="METHOD" missed="0" covered="1"/></method><method name="getTridroit" desc="()I" line="130"><counter type="INSTRUCTION" missed="0" covered="3"/><counter type="LINE" missed="0" covered="1"/><counter type="COMPLEXITY" missed="0" covered="1"/><counter type="METHOD" missed="0" covered="1"/></method><method name="setTridroit" desc="(I)V" line="139"><counter type="INSTRUCTION" missed="0" covered="4"/><counter type="LINE" missed="0" covered="2"/><counter type="COMPLEXITY" missed="0" covered="1"/><counter type="METHOD" missed="0" covered="1"/></method><method name="getPoint2" desc="()I" line="148"><counter type="INSTRUCTION" missed="0" covered="3"/><counter type="LINE" missed="0" covered="1"/><counter type="COMPLEXITY" missed="0" covered="1"/><counter type="METHOD" missed="0" covered="1"/></method><method name="setPoint2" desc="(I)V" line="157"><counter type="INSTRUCTION" missed="4" covered="0"/><counter type="LINE" missed="2" covered="0"/><counter type="COMPLEXITY" missed="1" covered="0"/><counter type="METHOD" missed="1" covered="0"/></method><method name="getPoint1" desc="()I" line="166"><counter type="INSTRUCTION" missed="0" covered="3"/><counter type="LINE" missed="0" covered="1"/><counter type="COMPLEXITY" missed="0" covered="1"/><counter type="METHOD" missed="0" covered="1"/></method><method name="setPoint1" desc="(I)V" line="175"><counter type="INSTRUCTION" missed="4" covered="0"/><counter type="LINE" missed="2" covered="0"/><counter type="COMPLEXITY" missed="1" covered="0"/><counter type="METHOD" missed="1" covered="0"/></method><method name="gettraiteDroit" desc="()Z" line="184"><counter type="INSTRUCTION" missed="0" covered="3"/><counter type="LINE" missed="0" covered="1"/><counter type="COMPLEXITY" missed="0" covered="1"/><counter type="METHOD" missed="0" covered="1"/></method><method name="setTraiteDroit" desc="(Z)V" line="193"><counter type="INSTRUCTION" missed="4" covered="0"/><counter type="LINE" missed="2" covered="0"/><counter type="COMPLEXITY" missed="1" covered="0"/><counter type="METHOD" missed="1" covered="0"/></method><method name="getTraiteGauche" desc="()Z" line="202"><counter type="INSTRUCTION" missed="0" covered="3"/><counter type="LINE" missed="0" covered="1"/><counter type="COMPLEXITY" missed="0" covered="1"/><counter type="METHOD" missed="0" covered="1"/></method><method name="setTraiteGauche" desc="(Z)V" line="211"><counter type="INSTRUCTION" missed="0" covered="4"/><counter type="LINE" missed="0" covered="2"/><counter type="COMPLEXITY" missed="0" covered="1"/><counter type="METHOD" missed="0" covered="1"/></method><method name="chercheTriangle" desc="(Ljava/util/ArrayList;Ljava/util/ArrayList;)V" line="223"><counter type="INSTRUCTION" missed="123" covered="0"/><counter type="BRANCH" missed="26" covered="0"/><counter type="LINE" missed="23" covered="0"/><counter type="COMPLEXITY" missed="14" covered="0"/><counter type="METHOD" missed="1" covered="0"/></method><method name="decoupe" desc="(IIILjava/util/ArrayList;Ljava/util/ArrayList;Ljava/util/ArrayList;Ljava/util/ArrayList;)V" line="277"><counter type="INSTRUCTION" missed="959" covered="639"/><counter type="BRANCH" missed="108" covered="32"/><counter type="LINE" missed="67" covered="77"/><counter type="COMPLEXITY" missed="70" covered="1"/><counter type="METHOD" missed="0" covered="1"/></method><counter type="INSTRUCTION" missed="1149" covered="829"/><counter type="BRANCH" missed="147" covered="41"/><counter type="LINE" missed="110" covered="117"/><counter type="COMPLEXITY" missed="96" covered="18"/><counter type="METHOD" missed="6" covered="14"/><counter type="CLASS" missed="0" covered="1"/></class><class name="geometry/Point3D"><method name="&lt;init&gt;" desc="(DDD)V" line="28"><counter type="INSTRUCTION" missed="0" covered="12"/><counter type="LINE" missed="0" covered="5"/><counter type="COMPLEXITY" missed="0" covered="1"/><counter type="METHOD" missed="0" covered="1"/></method><method name="&lt;init&gt;" desc="()V" line="34"><counter type="INSTRUCTION" missed="12" covered="0"/><counter type="LINE" missed="5" covered="0"/><counter type="COMPLEXITY" missed="1" covered="0"/><counter type="METHOD" missed="1" covered="0"/></method><method name="equals" desc="(Lgeometry/Point3D;)Z" line="47"><counter type="INSTRUCTION" missed="0" covered="22"/><counter type="BRANCH" missed="1" covered="5"/><counter type="LINE" missed="0" covered="3"/><counter type="COMPLEXITY" missed="1" covered="3"/><counter type="METHOD" missed="0" covered="1"/></method><method name="toString" desc="()Ljava/lang/String;" line="57"><counter type="INSTRUCTION" missed="20" covered="0"/><counter type="LINE" missed="1" covered="0"/><counter type="COMPLEXITY" missed="1" covered="0"/><counter type="METHOD" missed="1" covered="0"/></method><method name="getPosz" desc="()D" line="66"><counter type="INSTRUCTION" missed="0" covered="3"/><counter type="LINE" missed="0" covered="1"/><counter type="COMPLEXITY" missed="0" covered="1"/><counter type="METHOD" missed="0" covered="1"/></method><method name="setPosz" desc="(D)V" line="75"><counter type="INSTRUCTION" missed="0" covered="4"/><counter type="LINE" missed="0" covered="2"/><counter type="COMPLEXITY" missed="0" covered="1"/><counter type="METHOD" missed="0" covered="1"/></method><method name="getPosy" desc="()D" line="84"><counter type="INSTRUCTION" missed="0" covered="3"/><counter type="LINE" missed="0" covered="1"/><counter type="COMPLEXITY" missed="0" covered="1"/><counter type="METHOD" missed="0" covered="1"/></method><method name="setPosy" desc="(D)V" line="93"><counter type="INSTRUCTION" missed="0" covered="4"/><counter type="LINE" missed="0" covered="2"/><counter type="COMPLEXITY" missed="0" covered="1"/><counter type="METHOD" missed="0" covered="1"/></method><method name="getPosx" desc="()D" line="102"><counter type="INSTRUCTION" missed="0" covered="3"/><counter type="LINE" missed="0" covered="1"/><counter type="COMPLEXITY" missed="0" covered="1"/><counter type="METHOD" missed="0" covered="1"/></method><method name="setPosx" desc="(D)V" line="111"><counter type="INSTRUCTION" missed="0" covered="4"/><counter type="LINE" missed="0" covered="2"/><counter type="COMPLEXITY" missed="0" covered="1"/><counter type="METHOD" missed="0" covered="1"/></method><method name="intersection" desc="(Lgeometry/Segment;Lgeometry/Point3D;Lgeometry/Vecteur;Ljava/util/ArrayList;)Lgeometry/Point3D;" line="126"><counter type="INSTRUCTION" missed="46" covered="151"/><counter type="BRANCH" missed="4" covered="2"/><counter type="LINE" missed="1" covered="16"/><counter type="COMPLEXITY" missed="3" covered="1"/><counter type="METHOD" missed="0" covered="1"/></method><counter type="INSTRUCTION" missed="78" covered="206"/><counter type="BRANCH" missed="5" covered="7"/><counter type="LINE" missed="7" covered="33"/><counter type="COMPLEXITY" missed="6" covered="11"/><counter type="METHOD" missed="2" covered="9"/><counter type="CLASS" missed="0" covered="1"/></class><class name="geometry/Vecteur"><method name="&lt;init&gt;" desc="()V" line="24"><counter type="INSTRUCTION" missed="9" covered="0"/><counter type="LINE" missed="4" covered="0"/><counter type="COMPLEXITY" missed="1" covered="0"/><counter type="METHOD" missed="1" covered="0"/></method><method name="&lt;init&gt;" desc="(DD)V" line="35"><counter type="INSTRUCTION" missed="0" covered="9"/><counter type="LINE" missed="0" covered="4"/><counter type="COMPLEXITY" missed="0" covered="1"/><counter type="METHOD" missed="0" covered="1"/></method><method name="&lt;init&gt;" desc="(Lgeometry/Segment;Ljava/util/ArrayList;)V" line="46"><counter type="INSTRUCTION" missed="0" covered="33"/><counter type="LINE" missed="0" covered="4"/><counter type="COMPLEXITY" missed="0" covered="1"/><counter type="METHOD" missed="0" covered="1"/></method><method name="&lt;init&gt;" desc="(Lgeometry/Point3D;Lgeometry/Point3D;)V" line="57"><counter type="INSTRUCTION" missed="0" covered="17"/><counter type="LINE" missed="0" covered="4"/><counter type="COMPLEXITY" missed="0" covered="1"/><counter type="METHOD" missed="0" covered="1"/></method><method name="getValy" desc="()D" line="68"><counter type="INSTRUCTION" missed="0" covered="3"/><counter type="LINE" missed="0" covered="1"/><counter type="COMPLEXITY" missed="0" covered="1"/><counter type="METHOD" missed="0" covered="1"/></method><method name="setValy" desc="(D)V" line="77"><counter type="INSTRUCTION" missed="0" covered="4"/><counter type="LINE" missed="0" covered="2"/><counter type="COMPLEXITY" missed="0" covered="1"/><counter type="METHOD" missed="0" covered="1"/></method><method name="getValx" desc="()D" line="86"><counter type="INSTRUCTION" missed="0" covered="3"/><counter type="LINE" missed="0" covered="1"/><counter type="COMPLEXITY" missed="0" covered="1"/><counter type="METHOD" missed="0" covered="1"/></method><method name="setValx" desc="(D)V" line="95"><counter type="INSTRUCTION" missed="0" covered="4"/><counter type="LINE" missed="0" covered="2"/><counter type="COMPLEXITY" missed="0" covered="1"/><counter type="METHOD" missed="0" covered="1"/></method><method name="calculAngle" desc="()D" line="103"><counter type="INSTRUCTION" missed="0" covered="74"/><counter type="BRANCH" missed="0" covered="6"/><counter type="LINE" missed="0" covered="7"/><counter type="COMPLEXITY" missed="0" covered="4"/><counter type="METHOD" missed="0" covered="1"/></method><method name="distAngle" desc="(DD)D" line="125"><counter type="INSTRUCTION" missed="0" covered="14"/><counter type="BRANCH" missed="0" covered="2"/><counter type="LINE" missed="0" covered="4"/><counter type="COMPLEXITY" missed="0" covered="2"/><counter type="METHOD" missed="0" covered="1"/></method><counter type="INSTRUCTION" missed="9" covered="161"/><counter type="BRANCH" missed="0" covered="8"/><counter type="LINE" missed="4" covered="29"/><counter type="COMPLEXITY" missed="1" covered="13"/><counter type="METHOD" missed="1" covered="9"/><counter type="CLASS" missed="0" covered="1"/></class><sourcefile name="Segment.java"><line nr="31" mi="0" ci="2" mb="0" cb="0"/><line nr="32" mi="0" ci="3" mb="0" cb="0"/><line nr="33" mi="0" ci="3" mb="0" cb="0"/><line nr="34" mi="0" ci="3" mb="0" cb="0"/><line nr="35" mi="0" ci="3" mb="0" cb="0"/><line nr="36" mi="0" ci="3" mb="0" cb="0"/><line nr="37" mi="0" ci="3" mb="0" cb="0"/><line nr="38" mi="0" ci="1" mb="0" cb="0"/><line nr="48" mi="0" ci="2" mb="0" cb="0"/><line nr="49" mi="0" ci="3" mb="0" cb="0"/><line nr="50" mi="0" ci="3" mb="0" cb="0"/><line nr="51" mi="0" ci="3" mb="0" cb="0"/><line nr="52" mi="0" ci="3" mb="0" cb="0"/><line nr="53" mi="0" ci="3" mb="0" cb="0"/><line nr="54" mi="0" ci="3" mb="0" cb="0"/><line nr="55" mi="0" ci="1" mb="0" cb="0"/><line nr="60" mi="2" ci="0" mb="0" cb="0"/><line nr="61" mi="3" ci="0" mb="0" cb="0"/><line nr="62" mi="3" ci="0" mb="0" cb="0"/><line nr="63" mi="3" ci="0" mb="0" cb="0"/><line nr="64" mi="3" ci="0" mb="0" cb="0"/><line nr="65" mi="3" ci="0" mb="0" cb="0"/><line nr="66" mi="3" ci="0" mb="0" cb="0"/><line nr="67" mi="1" ci="0" mb="0" cb="0"/><line nr="71" mi="0" ci="37" mb="0" cb="0"/><line nr="83" mi="6" ci="0" mb="2" cb="0"/><line nr="84" mi="5" ci="0" mb="2" cb="0"/><line nr="85" mi="5" ci="0" mb="2" cb="0"/><line nr="86" mi="5" ci="0" mb="2" cb="0"/><line nr="87" mi="5" ci="0" mb="2" cb="0"/><line nr="88" mi="8" ci="0" mb="2" cb="0"/><line nr="92" mi="0" ci="2" mb="0" cb="0"/><line nr="93" mi="0" ci="2" mb="0" cb="0"/><line nr="94" mi="0" ci="10" mb="0" cb="0"/><line nr="95" mi="0" ci="10" mb="0" cb="2"/><line nr="96" mi="0" ci="3" mb="0" cb="0"/><line nr="97" mi="0" ci="26" mb="1" cb="3"/><line nr="98" mi="0" ci="22" mb="0" cb="4"/><line nr="99" mi="0" ci="2" mb="0" cb="0"/><line nr="101" mi="0" ci="1" mb="0" cb="0"/><line nr="102" mi="0" ci="1" mb="0" cb="0"/><line nr="103" mi="0" ci="2" mb="0" cb="0"/><line nr="112" mi="0" ci="3" mb="0" cb="0"/><line nr="121" mi="0" ci="3" mb="0" cb="0"/><line nr="122" mi="0" ci="1" mb="0" cb="0"/><line nr="130" mi="0" ci="3" mb="0" cb="0"/><line nr="139" mi="0" ci="3" mb="0" cb="0"/><line nr="140" mi="0" ci="1" mb="0" cb="0"/><line nr="148" mi="0" ci="3" mb="0" cb="0"/><line nr="157" mi="3" ci="0" mb="0" cb="0"/><line nr="158" mi="1" ci="0" mb="0" cb="0"/><line nr="166" mi="0" ci="3" mb="0" cb="0"/><line nr="175" mi="3" ci="0" mb="0" cb="0"/><line nr="176" mi="1" ci="0" mb="0" cb="0"/><line nr="184" mi="0" ci="3" mb="0" cb="0"/><line nr="193" mi="3" ci="0" mb="0" cb="0"/><line nr="194" mi="1" ci="0" mb="0" cb="0"/><line nr="202" mi="0" ci="3" mb="0" cb="0"/><line nr="211" mi="0" ci="3" mb="0" cb="0"/><line nr="212" mi="0" ci="1" mb="0" cb="0"/><line nr="223" mi="2" ci="0" mb="0" cb="0"/><line nr="224" mi="10" ci="0" mb="2" cb="0"/><line nr="225" mi="10" ci="0" mb="4" cb="0"/><line nr="226" mi="3" ci="0" mb="0" cb="0"/><line nr="227" mi="5" ci="0" mb="0" cb="0"/><line nr="229" mi="10" ci="0" mb="4" cb="0"/><line nr="230" mi="3" ci="0" mb="0" cb="0"/><line nr="231" mi="5" ci="0" mb="0" cb="0"/><line nr="233" mi="10" ci="0" mb="4" cb="0"/><line nr="234" mi="3" ci="0" mb="0" cb="0"/><line nr="235" mi="5" ci="0" mb="0" cb="0"/><line nr="238" mi="10" ci="0" mb="4" cb="0"/><line nr="239" mi="3" ci="0" mb="0" cb="0"/><line nr="240" mi="5" ci="0" mb="0" cb="0"/><line nr="242" mi="10" ci="0" mb="4" cb="0"/><line nr="243" mi="3" ci="0" mb="0" cb="0"/><line nr="244" mi="5" ci="0" mb="0" cb="0"/><line nr="246" mi="10" ci="0" mb="4" cb="0"/><line nr="247" mi="3" ci="0" mb="0" cb="0"/><line nr="248" mi="5" ci="0" mb="0" cb="0"/><line nr="251" mi="1" ci="0" mb="0" cb="0"/><line nr="252" mi="1" ci="0" mb="0" cb="0"/><line nr="254" mi="1" ci="0" mb="0" cb="0"/><line nr="277" mi="0" ci="4" mb="0" cb="0"/><line nr="278" mi="0" ci="4" mb="0" cb="0"/><line nr="279" mi="0" ci="12" mb="0" cb="0"/><line nr="280" mi="0" ci="8" mb="0" cb="0"/><line nr="283" mi="0" ci="3" mb="1" cb="1"/><line nr="284" mi="9" ci="11" mb="3" cb="1"/><line nr="285" mi="0" ci="16" mb="2" cb="2"/><line nr="286" mi="7" ci="0" mb="0" cb="0"/><line nr="287" mi="7" ci="0" mb="0" cb="0"/><line nr="288" mi="7" ci="0" mb="0" cb="0"/><line nr="291" mi="0" ci="20" mb="2" cb="2"/><line nr="292" mi="0" ci="16" mb="2" cb="2"/><line nr="293" mi="0" ci="7" mb="0" cb="0"/><line nr="294" mi="0" ci="7" mb="0" cb="0"/><line nr="295" mi="0" ci="7" mb="0" cb="0"/><line nr="298" mi="11" ci="9" mb="3" cb="1"/><line nr="299" mi="16" ci="0" mb="4" cb="0"/><line nr="300" mi="0" ci="7" mb="0" cb="0"/><line nr="301" mi="0" ci="7" mb="0" cb="0"/><line nr="302" mi="0" ci="7" mb="0" cb="0"/><line nr="306" mi="0" ci="3" mb="0" cb="0"/><line nr="307" mi="0" ci="8" mb="0" cb="0"/><line nr="308" mi="0" ci="3" mb="0" cb="0"/><line nr="309" mi="0" ci="9" mb="0" cb="0"/><line nr="310" mi="0" ci="3" mb="0" cb="0"/><line nr="311" mi="0" ci="9" mb="0" cb="0"/><line nr="312" mi="0" ci="10" mb="0" cb="0"/><line nr="313" mi="0" ci="3" mb="0" cb="0"/><line nr="315" mi="0" ci="3" mb="0" cb="0"/><line nr="316" mi="0" ci="11" mb="0" cb="0"/><line nr="317" mi="0" ci="17" mb="0" cb="0"/><line nr="319" mi="0" ci="3" mb="0" cb="0"/><line nr="320" mi="0" ci="11" mb="0" cb="0"/><line nr="321" mi="0" ci="17" mb="0" cb="0"/><line nr="324" mi="0" ci="6" mb="0" cb="0"/><line nr="325" mi="0" ci="6" mb="0" cb="0"/><line nr="328" mi="0" ci="8" mb="1" cb="1"/><line nr="329" mi="7" ci="0" mb="0" cb="0"/><line nr="331" mi="0" ci="6" mb="0" cb="0"/><line nr="335" mi="0" ci="8" mb="1" cb="1"/><line nr="336" mi="7" ci="0" mb="0" cb="0"/><line nr="338" mi="0" ci="6" mb="0" cb="0"/><line nr="344" mi="0" ci="3" mb="1" cb="1"/><line nr="345" mi="0" ci="18" mb="2" cb="2"/><line nr="346" mi="7" ci="0" mb="0" cb="0"/><line nr="347" mi="7" ci="0" mb="0" cb="0"/><line nr="348" mi="7" ci="0" mb="0" cb="0"/><line nr="350" mi="9" ci="9" mb="3" cb="1"/><line nr="351" mi="0" ci="7" mb="0" cb="0"/><line nr="352" mi="0" ci="7" mb="0" cb="0"/><line nr="353" mi="0" ci="7" mb="0" cb="0"/><line nr="356" mi="0" ci="18" mb="2" cb="2"/><line nr="357" mi="0" ci="7" mb="0" cb="0"/><line nr="358" mi="0" ci="7" mb="0" cb="0"/><line nr="359" mi="0" ci="7" mb="0" cb="0"/><line nr="363" mi="0" ci="3" mb="0" cb="0"/><line nr="364" mi="0" ci="8" mb="0" cb="0"/><line nr="366" mi="0" ci="3" mb="0" cb="0"/><line nr="367" mi="0" ci="11" mb="0" cb="0"/><line nr="368" mi="0" ci="3" mb="0" cb="0"/><line nr="369" mi="0" ci="11" mb="0" cb="0"/><line nr="372" mi="0" ci="6" mb="0" cb="0"/><line nr="373" mi="0" ci="6" mb="0" cb="0"/><line nr="376" mi="0" ci="8" mb="1" cb="1"/><line nr="377" mi="7" ci="0" mb="0" cb="0"/><line nr="379" mi="0" ci="6" mb="0" cb="0"/><line nr="383" mi="0" ci="8" mb="1" cb="1"/><line nr="384" mi="7" ci="0" mb="0" cb="0"/><line nr="386" mi="0" ci="6" mb="0" cb="0"/><line nr="392" mi="0" ci="3" mb="1" cb="1"/><line nr="393" mi="0" ci="6" mb="0" cb="0"/><line nr="394" mi="0" ci="6" mb="0" cb="0"/><line nr="396" mi="0" ci="3" mb="1" cb="1"/><line nr="397" mi="0" ci="6" mb="0" cb="0"/><line nr="398" mi="0" ci="6" mb="0" cb="0"/><line nr="402" mi="0" ci="4" mb="1" cb="1"/><line nr="404" mi="0" ci="21" mb="3" cb="3"/><line nr="405" mi="0" ci="6" mb="0" cb="0"/><line nr="406" mi="0" ci="11" mb="1" cb="1"/><line nr="407" mi="0" ci="10" mb="1" cb="1"/><line nr="408" mi="0" ci="23" mb="0" cb="0"/><line nr="411" mi="10" ci="0" mb="2" cb="0"/><line nr="412" mi="22" ci="0" mb="0" cb="0"/><line nr="416" mi="0" ci="11" mb="1" cb="1"/><line nr="417" mi="0" ci="10" mb="1" cb="1"/><line nr="418" mi="0" ci="23" mb="0" cb="0"/><line nr="421" mi="10" ci="0" mb="2" cb="0"/><line nr="422" mi="22" ci="0" mb="0" cb="0"/><line nr="426" mi="0" ci="11" mb="1" cb="1"/><line nr="427" mi="10" ci="0" mb="2" cb="0"/><line nr="428" mi="23" ci="0" mb="0" cb="0"/><line nr="431" mi="0" ci="10" mb="1" cb="1"/><line nr="432" mi="23" ci="0" mb="0" cb="0"/><line nr="437" mi="6" ci="0" mb="0" cb="0"/><line nr="438" mi="11" ci="0" mb="2" cb="0"/><line nr="439" mi="10" ci="0" mb="2" cb="0"/><line nr="440" mi="23" ci="0" mb="0" cb="0"/><line nr="443" mi="10" ci="0" mb="2" cb="0"/><line nr="444" mi="22" ci="0" mb="0" cb="0"/><line nr="448" mi="11" ci="0" mb="2" cb="0"/><line nr="449" mi="10" ci="0" mb="2" cb="0"/><line nr="450" mi="23" ci="0" mb="0" cb="0"/><line nr="453" mi="10" ci="0" mb="2" cb="0"/><line nr="454" mi="22" ci="0" mb="0" cb="0"/><line nr="458" mi="11" ci="0" mb="2" cb="0"/><line nr="459" mi="10" ci="0" mb="2" cb="0"/><line nr="460" mi="23" ci="0" mb="0" cb="0"/><line nr="463" mi="10" ci="0" mb="2" cb="0"/><line nr="464" mi="22" ci="0" mb="0" cb="0"/><line nr="471" mi="0" ci="4" mb="1" cb="1"/><line nr="473" mi="21" ci="0" mb="6" cb="0"/><line nr="474" mi="6" ci="0" mb="0" cb="0"/><line nr="476" mi="11" ci="0" mb="2" cb="0"/><line nr="478" mi="10" ci="0" mb="2" cb="0"/><line nr="479" mi="23" ci="0" mb="0" cb="0"/><line nr="483" mi="10" ci="0" mb="2" cb="0"/><line nr="484" mi="22" ci="0" mb="0" cb="0"/><line nr="488" mi="11" ci="0" mb="2" cb="0"/><line nr="490" mi="10" ci="0" mb="2" cb="0"/><line nr="491" mi="23" ci="0" mb="0" cb="0"/><line nr="495" mi="10" ci="0" mb="2" cb="0"/><line nr="496" mi="22" ci="0" mb="0" cb="0"/><line nr="500" mi="11" ci="0" mb="2" cb="0"/><line nr="502" mi="10" ci="0" mb="2" cb="0"/><line nr="503" mi="23" ci="0" mb="0" cb="0"/><line nr="507" mi="10" ci="0" mb="2" cb="0"/><line nr="508" mi="23" ci="0" mb="0" cb="0"/><line nr="513" mi="6" ci="0" mb="0" cb="0"/><line nr="514" mi="11" ci="0" mb="2" cb="0"/><line nr="516" mi="10" ci="0" mb="2" cb="0"/><line nr="517" mi="23" ci="0" mb="0" cb="0"/><line nr="521" mi="10" ci="0" mb="2" cb="0"/><line nr="522" mi="22" ci="0" mb="0" cb="0"/><line nr="526" mi="11" ci="0" mb="2" cb="0"/><line nr="528" mi="10" ci="0" mb="2" cb="0"/><line nr="529" mi="23" ci="0" mb="0" cb="0"/><line nr="533" mi="10" ci="0" mb="2" cb="0"/><line nr="534" mi="22" ci="0" mb="0" cb="0"/><line nr="537" mi="11" ci="0" mb="2" cb="0"/><line nr="539" mi="10" ci="0" mb="2" cb="0"/><line nr="540" mi="23" ci="0" mb="0" cb="0"/><line nr="544" mi="10" ci="0" mb="2" cb="0"/><line nr="545" mi="22" ci="0" mb="0" cb="0"/><line nr="552" mi="0" ci="1" mb="0" cb="0"/><counter type="INSTRUCTION" missed="1149" covered="829"/><counter type="BRANCH" missed="147" covered="41"/><counter type="LINE" missed="110" covered="117"/><counter type="COMPLEXITY" missed="96" covered="18"/><counter type="METHOD" missed="6" covered="14"/><counter type="CLASS" missed="0" covered="1"/></sourcefile><sourcefile name="Vecteur.java"><line nr="24" mi="2" ci="0" mb="0" cb="0"/><line nr="25" mi="3" ci="0" mb="0" cb="0"/><line nr="26" mi="3" ci="0" mb="0" cb="0"/><line nr="27" mi="1" ci="0" mb="0" cb="0"/><line nr="35" mi="0" ci="2" mb="0" cb="0"/><line nr="36" mi="0" ci="3" mb="0" cb="0"/><line nr="37" mi="0" ci="3" mb="0" cb="0"/><line nr="38" mi="0" ci="1" mb="0" cb="0"/><line nr="46" mi="0" ci="2" mb="0" cb="0"/><line nr="47" mi="0" ci="15" mb="0" cb="0"/><line nr="48" mi="0" ci="15" mb="0" cb="0"/><line nr="49" mi="0" ci="1" mb="0" cb="0"/><line nr="57" mi="0" ci="2" mb="0" cb="0"/><line nr="58" mi="0" ci="7" mb="0" cb="0"/><line nr="59" mi="0" ci="7" mb="0" cb="0"/><line nr="60" mi="0" ci="1" mb="0" cb="0"/><line nr="68" mi="0" ci="3" mb="0" cb="0"/><line nr="77" mi="0" ci="3" mb="0" cb="0"/><line nr="78" mi="0" ci="1" mb="0" cb="0"/><line nr="86" mi="0" ci="3" mb="0" cb="0"/><line nr="95" mi="0" ci="3" mb="0" cb="0"/><line nr="96" mi="0" ci="1" mb="0" cb="0"/><line nr="103" mi="0" ci="2" mb="0" cb="0"/><line nr="104" mi="0" ci="11" mb="0" cb="4"/><line nr="107" mi="0" ci="19" mb="0" cb="2"/><line nr="108" mi="0" ci="18" mb="0" cb="0"/><line nr="110" mi="0" ci="17" mb="0" cb="0"/><line nr="111" mi="0" ci="5" mb="0" cb="0"/><line nr="114" mi="0" ci="2" mb="0" cb="0"/><line nr="125" mi="0" ci="4" mb="0" cb="0"/><line nr="126" mi="0" ci="4" mb="0" cb="2"/><line nr="127" mi="0" ci="4" mb="0" cb="0"/><line nr="129" mi="0" ci="2" mb="0" cb="0"/><counter type="INSTRUCTION" missed="9" covered="161"/><counter type="BRANCH" missed="0" covered="8"/><counter type="LINE" missed="4" covered="29"/><counter type="COMPLEXITY" missed="1" covered="13"/><counter type="METHOD" missed="1" covered="9"/><counter type="CLASS" missed="0" covered="1"/></sourcefile><sourcefile name="Point3D.java"><line nr="28" mi="0" ci="2" mb="0" cb="0"/><line nr="29" mi="0" ci="3" mb="0" cb="0"/><line nr="30" mi="0" ci="3" mb="0" cb="0"/><line nr="31" mi="0" ci="3" mb="0" cb="0"/><line nr="32" mi="0" ci="1" mb="0" cb="0"/><line nr="34" mi="2" ci="0" mb="0" cb="0"/><line nr="35" mi="3" ci="0" mb="0" cb="0"/><line nr="36" mi="3" ci="0" mb="0" cb="0"/><line nr="37" mi="3" ci="0" mb="0" cb="0"/><line nr="38" mi="1" ci="0" mb="0" cb="0"/><line nr="47" mi="0" ci="7" mb="0" cb="2"/><line nr="48" mi="0" ci="6" mb="0" cb="2"/><line nr="49" mi="0" ci="9" mb="1" cb="1"/><line nr="57" mi="20" ci="0" mb="0" cb="0"/><line nr="66" mi="0" ci="3" mb="0" cb="0"/><line nr="75" mi="0" ci="3" mb="0" cb="0"/><line nr="76" mi="0" ci="1" mb="0" cb="0"/><line nr="84" mi="0" ci="3" mb="0" cb="0"/><line nr="93" mi="0" ci="3" mb="0" cb="0"/><line nr="94" mi="0" ci="1" mb="0" cb="0"/><line nr="102" mi="0" ci="3" mb="0" cb="0"/><line nr="111" mi="0" ci="3" mb="0" cb="0"/><line nr="112" mi="0" ci="1" mb="0" cb="0"/><line nr="126" mi="0" ci="7" mb="0" cb="0"/><line nr="127" mi="0" ci="3" mb="0" cb="0"/><line nr="128" mi="0" ci="3" mb="0" cb="0"/><line nr="130" mi="0" ci="3" mb="0" cb="0"/><line nr="131" mi="0" ci="4" mb="0" cb="0"/><line nr="132" mi="0" ci="10" mb="0" cb="0"/><line nr="134" mi="0" ci="6" mb="0" cb="0"/><line nr="136" mi="0" ci="3" mb="0" cb="0"/><line nr="137" mi="0" ci="4" mb="0" cb="0"/><line nr="138" mi="0" ci="16" mb="0" cb="0"/><line nr="139" mi="5" ci="4" mb="3" cb="1"/><line nr="142" mi="0" ci="17" mb="0" cb="0"/><line nr="143" mi="0" ci="17" mb="0" cb="0"/><line nr="145" mi="0" ci="12" mb="1" cb="1"/><line nr="146" mi="41" ci="0" mb="0" cb="0"/><line nr="149" mi="0" ci="40" mb="0" cb="0"/><line nr="153" mi="0" ci="2" mb="0" cb="0"/><counter type="INSTRUCTION" missed="78" covered="206"/><counter type="BRANCH" missed="5" covered="7"/><counter type="LINE" missed="7" covered="33"/><counter type="COMPLEXITY" missed="6" covered="11"/><counter type="METHOD" missed="2" covered="9"/><counter type="CLASS" missed="0" covered="1"/></sourcefile><sourcefile name="Triangle.java"><line nr="25" mi="0" ci="3" mb="0" cb="0"/><line nr="37" mi="0" ci="2" mb="0" cb="0"/><line nr="39" mi="0" ci="3" mb="0" cb="0"/><line nr="40" mi="0" ci="3" mb="0" cb="0"/><line nr="41" mi="0" ci="3" mb="0" cb="0"/><line nr="43" mi="0" ci="22" mb="0" cb="4"/><line nr="44" mi="0" ci="7" mb="0" cb="0"/><line nr="45" mi="0" ci="7" mb="0" cb="0"/><line nr="47" mi="0" ci="11" mb="0" cb="2"/><line nr="48" mi="0" ci="8" mb="0" cb="0"/><line nr="50" mi="0" ci="8" mb="0" cb="0"/><line nr="53" mi="0" ci="7" mb="0" cb="0"/><line nr="54" mi="0" ci="7" mb="0" cb="0"/><line nr="56" mi="0" ci="11" mb="0" cb="2"/><line nr="57" mi="0" ci="8" mb="0" cb="0"/><line nr="59" mi="0" ci="7" mb="0" cb="0"/><line nr="62" mi="0" ci="1" mb="0" cb="0"/><line nr="73" mi="0" ci="2" mb="0" cb="0"/><line nr="74" mi="0" ci="3" mb="0" cb="0"/><line nr="75" mi="0" ci="3" mb="0" cb="0"/><line nr="76" mi="0" ci="3" mb="0" cb="0"/><line nr="77" mi="0" ci="3" mb="0" cb="0"/><line nr="78" mi="0" ci="3" mb="0" cb="0"/><line nr="79" mi="0" ci="3" mb="0" cb="0"/><line nr="80" mi="0" ci="1" mb="0" cb="0"/><line nr="85" mi="2" ci="0" mb="0" cb="0"/><line nr="86" mi="3" ci="0" mb="0" cb="0"/><line nr="87" mi="3" ci="0" mb="0" cb="0"/><line nr="88" mi="3" ci="0" mb="0" cb="0"/><line nr="89" mi="3" ci="0" mb="0" cb="0"/><line nr="90" mi="3" ci="0" mb="0" cb="0"/><line nr="91" mi="3" ci="0" mb="0" cb="0"/><line nr="92" mi="1" ci="0" mb="0" cb="0"/><line nr="100" mi="0" ci="3" mb="0" cb="0"/><line nr="109" mi="0" ci="3" mb="0" cb="0"/><line nr="110" mi="0" ci="1" mb="0" cb="0"/><line nr="118" mi="0" ci="3" mb="0" cb="0"/><line nr="127" mi="0" ci="3" mb="0" cb="0"/><line nr="128" mi="0" ci="1" mb="0" cb="0"/><line nr="136" mi="0" ci="3" mb="0" cb="0"/><line nr="145" mi="0" ci="3" mb="0" cb="0"/><line nr="146" mi="0" ci="1" mb="0" cb="0"/><line nr="154" mi="0" ci="3" mb="0" cb="0"/><line nr="163" mi="3" ci="0" mb="0" cb="0"/><line nr="164" mi="1" ci="0" mb="0" cb="0"/><line nr="172" mi="0" ci="3" mb="0" cb="0"/><line nr="181" mi="3" ci="0" mb="0" cb="0"/><line nr="182" mi="1" ci="0" mb="0" cb="0"/><line nr="190" mi="0" ci="3" mb="0" cb="0"/><line nr="199" mi="3" ci="0" mb="0" cb="0"/><line nr="200" mi="1" ci="0" mb="0" cb="0"/><line nr="212" mi="0" ci="2" mb="0" cb="0"/><line nr="214" mi="0" ci="10" mb="0" cb="2"/><line nr="216" mi="0" ci="2" mb="1" cb="1"/><line nr="218" mi="0" ci="3" mb="1" cb="1"/><line nr="220" mi="0" ci="2" mb="0" cb="0"/><line nr="221" mi="0" ci="2" mb="0" cb="0"/><line nr="222" mi="0" ci="10" mb="0" cb="2"/><line nr="224" mi="0" ci="10" mb="0" cb="4"/><line nr="225" mi="0" ci="3" mb="0" cb="0"/><line nr="226" mi="0" ci="3" mb="0" cb="0"/><line nr="227" mi="0" ci="2" mb="0" cb="0"/><line nr="229" mi="0" ci="10" mb="0" cb="4"/><line nr="230" mi="0" ci="3" mb="0" cb="0"/><line nr="231" mi="0" ci="3" mb="0" cb="0"/><line nr="232" mi="0" ci="2" mb="0" cb="0"/><line nr="234" mi="0" ci="1" mb="0" cb="0"/><line nr="235" mi="0" ci="1" mb="0" cb="0"/><line nr="236" mi="0" ci="2" mb="0" cb="2"/><line nr="238" mi="0" ci="4" mb="0" cb="0"/><line nr="239" mi="0" ci="12" mb="0" cb="0"/><line nr="243" mi="0" ci="3" mb="1" cb="1"/><line nr="245" mi="0" ci="2" mb="0" cb="0"/><line nr="246" mi="0" ci="2" mb="0" cb="0"/><line nr="247" mi="0" ci="10" mb="0" cb="2"/><line nr="249" mi="0" ci="10" mb="0" cb="4"/><line nr="250" mi="0" ci="3" mb="0" cb="0"/><line nr="251" mi="0" ci="3" mb="0" cb="0"/><line nr="252" mi="0" ci="2" mb="0" cb="0"/><line nr="254" mi="0" ci="10" mb="0" cb="4"/><line nr="255" mi="0" ci="3" mb="0" cb="0"/><line nr="256" mi="0" ci="3" mb="0" cb="0"/><line nr="257" mi="0" ci="2" mb="0" cb="0"/><line nr="259" mi="0" ci="1" mb="0" cb="0"/><line nr="260" mi="0" ci="1" mb="0" cb="0"/><line nr="261" mi="0" ci="2" mb="0" cb="2"/><line nr="263" mi="0" ci="4" mb="0" cb="0"/><line nr="264" mi="0" ci="12" mb="0" cb="0"/><line nr="268" mi="0" ci="3" mb="1" cb="1"/><line nr="270" mi="0" ci="2" mb="0" cb="0"/><line nr="271" mi="0" ci="2" mb="0" cb="0"/><line nr="272" mi="0" ci="10" mb="0" cb="2"/><line nr="274" mi="0" ci="10" mb="0" cb="4"/><line nr="275" mi="0" ci="3" mb="0" cb="0"/><line nr="276" mi="0" ci="3" mb="0" cb="0"/><line nr="277" mi="0" ci="2" mb="0" cb="0"/><line nr="279" mi="0" ci="10" mb="0" cb="4"/><line nr="280" mi="0" ci="3" mb="0" cb="0"/><line nr="281" mi="0" ci="3" mb="0" cb="0"/><line nr="282" mi="0" ci="2" mb="0" cb="0"/><line nr="284" mi="0" ci="1" mb="0" cb="0"/><line nr="285" mi="0" ci="1" mb="0" cb="0"/><line nr="286" mi="0" ci="2" mb="0" cb="2"/><line nr="288" mi="0" ci="4" mb="0" cb="0"/><line nr="289" mi="0" ci="12" mb="0" cb="0"/><line nr="293" mi="0" ci="1" mb="0" cb="0"/><line nr="294" mi="0" ci="1" mb="0" cb="0"/><line nr="296" mi="0" ci="1" mb="0" cb="0"/><line nr="303" mi="0" ci="35" mb="0" cb="0"/><line nr="315" mi="0" ci="2" mb="1" cb="1"/><line nr="316" mi="2" ci="0" mb="0" cb="0"/><line nr="319" mi="0" ci="6" mb="0" cb="2"/><line nr="320" mi="0" ci="5" mb="1" cb="1"/><line nr="321" mi="0" ci="5" mb="1" cb="1"/><line nr="322" mi="1" ci="4" mb="1" cb="1"/><line nr="323" mi="5" ci="0" mb="2" cb="0"/><line nr="324" mi="4" ci="1" mb="2" cb="0"/><line nr="325" mi="1" ci="4" mb="1" cb="1"/><line nr="326" mi="5" ci="0" mb="2" cb="0"/><line nr="327" mi="4" ci="4" mb="2" cb="0"/><line nr="337" mi="2" ci="0" mb="0" cb="0"/><line nr="346" mi="2" ci="0" mb="0" cb="0"/><line nr="347" mi="1" ci="0" mb="0" cb="0"/><line nr="356" mi="0" ci="6" mb="0" cb="0"/><line nr="357" mi="0" ci="14" mb="0" cb="0"/><line nr="358" mi="0" ci="14" mb="0" cb="0"/><line nr="359" mi="0" ci="14" mb="0" cb="0"/><line nr="360" mi="0" ci="14" mb="0" cb="0"/><line nr="361" mi="0" ci="14" mb="0" cb="0"/><line nr="362" mi="0" ci="14" mb="0" cb="0"/><line nr="364" mi="0" ci="10" mb="1" cb="1"/><line nr="365" mi="0" ci="9" mb="0" cb="0"/><line nr="366" mi="0" ci="10" mb="0" cb="0"/><line nr="368" mi="10" ci="0" mb="0" cb="0"/><line nr="369" mi="10" ci="0" mb="0" cb="0"/><line nr="372" mi="0" ci="2" mb="0" cb="0"/><line nr="389" mi="0" ci="7" mb="0" cb="0"/><line nr="390" mi="0" ci="7" mb="0" cb="0"/><line nr="391" mi="0" ci="3" mb="0" cb="0"/><line nr="392" mi="0" ci="27" mb="3" cb="3"/><line nr="393" mi="0" ci="7" mb="1" cb="1"/><line nr="395" mi="0" ci="11" mb="1" cb="1"/><line nr="396" mi="7" ci="0" mb="0" cb="0"/><line nr="398" mi="0" ci="6" mb="0" cb="0"/><line nr="401" mi="0" ci="6" mb="0" cb="0"/><line nr="402" mi="0" ci="6" mb="0" cb="0"/><line nr="404" mi="0" ci="4" mb="0" cb="0"/><line nr="406" mi="0" ci="8" mb="1" cb="1"/><line nr="408" mi="8" ci="0" mb="2" cb="0"/><line nr="410" mi="3" ci="0" mb="0" cb="0"/><line nr="411" mi="3" ci="0" mb="0" cb="0"/><line nr="412" mi="3" ci="0" mb="0" cb="0"/><line nr="413" mi="3" ci="0" mb="0" cb="0"/><line nr="414" mi="3" ci="0" mb="0" cb="0"/><line nr="415" mi="4" ci="0" mb="0" cb="0"/><line nr="417" mi="3" ci="0" mb="0" cb="0"/><line nr="418" mi="3" ci="0" mb="0" cb="0"/><line nr="419" mi="3" ci="0" mb="0" cb="0"/><line nr="420" mi="3" ci="0" mb="0" cb="0"/><line nr="421" mi="3" ci="0" mb="0" cb="0"/><line nr="422" mi="3" ci="0" mb="0" cb="0"/><line nr="426" mi="0" ci="8" mb="0" cb="2"/><line nr="428" mi="0" ci="8" mb="1" cb="1"/><line nr="430" mi="0" ci="3" mb="0" cb="0"/><line nr="431" mi="0" ci="3" mb="0" cb="0"/><line nr="432" mi="0" ci="3" mb="0" cb="0"/><line nr="433" mi="0" ci="3" mb="0" cb="0"/><line nr="434" mi="0" ci="3" mb="0" cb="0"/><line nr="435" mi="0" ci="4" mb="0" cb="0"/><line nr="437" mi="3" ci="0" mb="0" cb="0"/><line nr="438" mi="3" ci="0" mb="0" cb="0"/><line nr="439" mi="3" ci="0" mb="0" cb="0"/><line nr="440" mi="3" ci="0" mb="0" cb="0"/><line nr="441" mi="3" ci="0" mb="0" cb="0"/><line nr="442" mi="3" ci="0" mb="0" cb="0"/><line nr="446" mi="0" ci="8" mb="0" cb="2"/><line nr="448" mi="0" ci="8" mb="1" cb="1"/><line nr="450" mi="3" ci="0" mb="0" cb="0"/><line nr="451" mi="3" ci="0" mb="0" cb="0"/><line nr="452" mi="3" ci="0" mb="0" cb="0"/><line nr="453" mi="3" ci="0" mb="0" cb="0"/><line nr="454" mi="3" ci="0" mb="0" cb="0"/><line nr="455" mi="4" ci="0" mb="0" cb="0"/><line nr="457" mi="0" ci="3" mb="0" cb="0"/><line nr="458" mi="0" ci="3" mb="0" cb="0"/><line nr="459" mi="0" ci="3" mb="0" cb="0"/><line nr="460" mi="0" ci="3" mb="0" cb="0"/><line nr="461" mi="0" ci="3" mb="0" cb="0"/><line nr="462" mi="0" ci="3" mb="0" cb="0"/><line nr="466" mi="0" ci="13" mb="0" cb="0"/><line nr="467" mi="0" ci="13" mb="0" cb="0"/><line nr="469" mi="0" ci="13" mb="0" cb="0"/><line nr="470" mi="0" ci="13" mb="0" cb="0"/><line nr="472" mi="0" ci="4" mb="0" cb="0"/><line nr="474" mi="5" ci="5" mb="3" cb="1"/><line nr="476" mi="4" ci="0" mb="0" cb="0"/><line nr="478" mi="6" ci="0" mb="2" cb="0"/><line nr="479" mi="11" ci="0" mb="2" cb="0"/><line nr="480" mi="6" ci="0" mb="2" cb="0"/><line nr="481" mi="15" ci="0" mb="0" cb="0"/><line nr="485" mi="14" ci="0" mb="0" cb="0"/><line nr="489" mi="6" ci="0" mb="2" cb="0"/><line nr="490" mi="11" ci="0" mb="2" cb="0"/><line nr="491" mi="6" ci="0" mb="2" cb="0"/><line nr="493" mi="15" ci="0" mb="0" cb="0"/><line nr="497" mi="15" ci="0" mb="0" cb="0"/><line nr="503" mi="0" ci="3" mb="0" cb="0"/><line nr="505" mi="1" ci="17" mb="1" cb="3"/><line nr="511" mi="0" ci="17" mb="2" cb="2"/><line nr="514" mi="4" ci="0" mb="0" cb="0"/><line nr="516" mi="6" ci="0" mb="2" cb="0"/><line nr="517" mi="11" ci="0" mb="2" cb="0"/><line nr="518" mi="6" ci="0" mb="2" cb="0"/><line nr="519" mi="15" ci="0" mb="0" cb="0"/><line nr="523" mi="14" ci="0" mb="0" cb="0"/><line nr="527" mi="6" ci="0" mb="2" cb="0"/><line nr="528" mi="11" ci="0" mb="2" cb="0"/><line nr="529" mi="6" ci="0" mb="2" cb="0"/><line nr="530" mi="15" ci="0" mb="0" cb="0"/><line nr="534" mi="15" ci="0" mb="0" cb="0"/><line nr="540" mi="0" ci="7" mb="0" cb="0"/><line nr="543" mi="0" ci="8" mb="0" cb="2"/><line nr="546" mi="0" ci="12" mb="0" cb="0"/><line nr="547" mi="0" ci="3" mb="0" cb="0"/><line nr="548" mi="0" ci="4" mb="0" cb="0"/><line nr="549" mi="0" ci="14" mb="0" cb="0"/><line nr="554" mi="0" ci="8" mb="1" cb="1"/><line nr="557" mi="12" ci="0" mb="0" cb="0"/><line nr="558" mi="3" ci="0" mb="0" cb="0"/><line nr="559" mi="4" ci="0" mb="0" cb="0"/><line nr="560" mi="14" ci="0" mb="0" cb="0"/><line nr="567" mi="0" ci="1" mb="0" cb="0"/><line nr="571" mi="6" ci="0" mb="0" cb="0"/><line nr="572" mi="2" ci="0" mb="0" cb="0"/><line nr="573" mi="10" ci="0" mb="2" cb="0"/><line nr="575" mi="11" ci="0" mb="4" cb="0"/><line nr="576" mi="9" ci="0" mb="4" cb="0"/><line nr="580" mi="1" ci="0" mb="0" cb="0"/><line nr="581" mi="1" ci="0" mb="0" cb="0"/><counter type="INSTRUCTION" missed="466" covered="908"/><counter type="BRANCH" missed="69" covered="79"/><counter type="LINE" missed="81" covered="158"/><counter type="COMPLEXITY" missed="53" covered="45"/><counter type="METHOD" missed="7" covered="17"/><counter type="CLASS" missed="0" covered="1"/></sourcefile><counter type="INSTRUCTION" missed="1702" covered="2104"/><counter type="BRANCH" missed="221" covered="135"/><counter type="LINE" missed="202" covered="337"/><counter type="COMPLEXITY" missed="156" covered="87"/><counter type="METHOD" missed="16" covered="49"/><counter type="CLASS" missed="0" covered="4"/></package><counter type="INSTRUCTION" missed="1827" covered="2402"/><counter type="BRANCH" missed="229" covered="141"/><counter type="LINE" missed="239" covered="393"/><counter type="COMPLEXITY" missed="168" covered="91"/><counter type="METHOD" missed="24" covered="50"/><counter type="CLASS" missed="1" covered="5"/></report>